<?xml version="1.0" encoding="UTF-8"?>
<!-- Generated by org.testng.reporters.JUnitReportReporter -->
<testsuite hostname="DESKTOP-2G1ARNP" failures="0" tests="4" name="com.sgtesting.calculator.testcases.SubstractionTestcases" time="0.015" errors="0" timestamp="2022-11-18T12:49:43 GMT-08:00" skipped="0">
  <testcase classname="com.sgtesting.calculator.testcases.SubstractionTestcases" name="substractPositiveAndNegativeNumbers" time="0.003"/>
  <system-out/>
  <testcase classname="com.sgtesting.calculator.testcases.SubstractionTestcases" name="substractPositiveAndZeroNumbers" time="0.002"/>
  <system-out/>
  <testcase classname="com.sgtesting.calculator.testcases.SubstractionTestcases" name="substractTwoNegativeNumbers" time="0.003"/>
  <system-out/>
  <testcase classname="com.sgtesting.calculator.testcases.SubstractionTestcases" name="substractTwoPositiveNumbers" time="0.007"/>
  <system-out/>
</testsuite> <!-- com.sgtesting.calculator.testcases.SubstractionTestcases -->
