<?xml version="1.0" encoding="UTF-8"?>
<!-- Generated by org.testng.reporters.JUnitReportReporter -->
<testsuite hostname="DESKTOP-2G1ARNP" failures="0" tests="4" name="com.sgtesting.calculator.testcases.DivisionTestcases" time="0.004" errors="0" timestamp="2022-11-18T12:49:43 GMT-08:00" skipped="0">
  <testcase classname="com.sgtesting.calculator.testcases.DivisionTestcases" name="divideTwoNegativeNumbers" time="0.001"/>
  <system-out/>
  <testcase classname="com.sgtesting.calculator.testcases.DivisionTestcases" name="divideTwoPositiveNumbers" time="0.001"/>
  <system-out/>
  <testcase classname="com.sgtesting.calculator.testcases.DivisionTestcases" name="dividePositiveAndOneNumbers" time="0.001"/>
  <system-out/>
  <testcase classname="com.sgtesting.calculator.testcases.DivisionTestcases" name="dividePositiveAndNegativeNumbers" time="0.001"/>
  <system-out/>
</testsuite> <!-- com.sgtesting.calculator.testcases.DivisionTestcases -->
