<?xml version="1.0" encoding="UTF-8"?>
<!-- Generated by org.testng.reporters.JUnitReportReporter -->
<testsuite hostname="DESKTOP-2G1ARNP" failures="0" tests="2" name="com.sgtesting.softassertion.AssertNullDemo" time="0.024" errors="0" timestamp="2022-11-09T12:29:50 GMT-08:00" skipped="0">
  <testcase classname="com.sgtesting.softassertion.AssertNullDemo" name="assertNotNullDemo" time="0.018"/>
  <system-out/>
  <testcase classname="com.sgtesting.softassertion.AssertNullDemo" name="assertNullDemo" time="0.006"/>
  <system-out/>
</testsuite> <!-- com.sgtesting.softassertion.AssertNullDemo -->
