<?xml version="1.0" encoding="UTF-8"?>
<!-- Generated by org.testng.reporters.JUnitReportReporter -->
<testsuite hostname="DESKTOP-2G1ARNP" failures="0" tests="3" name="com.sgtesting.products.Products" time="0.025" errors="0" timestamp="2022-11-09T13:28:16 GMT-08:00" skipped="0">
  <testcase classname="com.sgtesting.products.Products" name="deleteProduct" time="0.004"/>
  <system-out/>
  <testcase classname="com.sgtesting.products.Products" name="createProduct" time="0.007"/>
  <system-out/>
  <testcase classname="com.sgtesting.products.Products" name="modifyProduct" time="0.014"/>
  <system-out/>
</testsuite> <!-- com.sgtesting.products.Products -->
