<?xml version="1.0" encoding="UTF-8"?>
<!-- Generated by org.testng.reporters.JUnitReportReporter -->
<testsuite hostname="DESKTOP-2G1ARNP" failures="0" tests="3" name="com.sgtesting.users.Users" time="0.013" errors="0" timestamp="2022-11-09T13:28:16 GMT-08:00" skipped="0">
  <testcase classname="com.sgtesting.users.Users" name="deleteUser" time="0.002"/>
  <system-out/>
  <testcase classname="com.sgtesting.users.Users" name="modifyUser" time="0.001"/>
  <system-out/>
  <testcase classname="com.sgtesting.users.Users" name="createUser" time="0.010"/>
  <system-out/>
</testsuite> <!-- com.sgtesting.users.Users -->
