<?xml version="1.0" encoding="UTF-8"?>
<!-- Generated by org.testng.reporters.JUnitReportReporter -->
<testsuite hostname="DESKTOP-2G1ARNP" failures="0" tests="1" name="com.sgtesting.users.Users" time="0.006" errors="0" timestamp="2022-11-09T21:54:28 GMT-08:00" skipped="0">
  <testcase classname="com.sgtesting.users.Users" name="createUser" time="0.006"/>
  <system-out/>
</testsuite> <!-- com.sgtesting.users.Users -->
