<?xml version="1.0" encoding="UTF-8"?>
<!-- Generated by org.testng.reporters.JUnitReportReporter -->
<testsuite hostname="DESKTOP-2G1ARNP" failures="0" tests="2" name="com.sgtesting.hardassertion.AssertEqualsDemo" time="0.026" errors="0" timestamp="2022-11-09T22:09:06 GMT-08:00" skipped="0">
  <testcase classname="com.sgtesting.hardassertion.AssertEqualsDemo" name="assertNotEqualsDemo" time="0.004"/>
  <system-out/>
  <testcase classname="com.sgtesting.hardassertion.AssertEqualsDemo" name="assertEqualsDemo" time="0.022"/>
  <system-out/>
</testsuite> <!-- com.sgtesting.hardassertion.AssertEqualsDemo -->
