<?xml version="1.0" encoding="UTF-8"?>
<!-- Generated by org.testng.reporters.JUnitReportReporter -->
<testsuite hostname="DESKTOP-2G1ARNP" failures="0" tests="3" name="com.sgtesting.condition.PriorityConditionDemo" time="0.020" errors="0" timestamp="2022-11-09T22:03:07 GMT-08:00" skipped="0">
  <testcase classname="com.sgtesting.condition.PriorityConditionDemo" name="createUser" time="0.009"/>
  <system-out/>
  <testcase classname="com.sgtesting.condition.PriorityConditionDemo" name="modifyUser" time="0.004"/>
  <system-out/>
  <testcase classname="com.sgtesting.condition.PriorityConditionDemo" name="deleteUser" time="0.007"/>
  <system-out/>
</testsuite> <!-- com.sgtesting.condition.PriorityConditionDemo -->
