<?xml version="1.0" encoding="UTF-8"?>
<!-- Generated by org.testng.reporters.JUnitReportReporter -->
<testsuite hostname="DESKTOP-2G1ARNP" failures="0" tests="3" name="com.sgtesting.users.Users" time="0.016" errors="0" timestamp="2022-11-09T12:42:01 GMT-08:00" skipped="0">
  <testcase classname="com.sgtesting.users.Users" name="deleteUser" time="0.004"/>
  <system-out/>
  <testcase classname="com.sgtesting.users.Users" name="modifyUser" time="0.003"/>
  <system-out/>
  <testcase classname="com.sgtesting.users.Users" name="createUser" time="0.009"/>
  <system-out/>
</testsuite> <!-- com.sgtesting.users.Users -->
