<?xml version="1.0" encoding="UTF-8"?>
<!-- Generated by org.testng.reporters.JUnitReportReporter -->
<testsuite hostname="DESKTOP-2G1ARNP" failures="0" tests="2" name="com.sgtesting.softassertion.AssertSameDemo" time="0.020" errors="0" timestamp="2022-11-09T12:30:00 GMT-08:00" skipped="0">
  <testcase classname="com.sgtesting.softassertion.AssertSameDemo" name="assertNotSameDemo" time="0.017"/>
  <system-out/>
  <testcase classname="com.sgtesting.softassertion.AssertSameDemo" name="assertSameDemo" time="0.003"/>
  <system-out/>
</testsuite> <!-- com.sgtesting.softassertion.AssertSameDemo -->
