<?xml version="1.0" encoding="UTF-8"?>
<!-- Generated by org.testng.reporters.JUnitReportReporter -->
<testsuite hostname="DESKTOP-2G1ARNP" failures="0" tests="2" name="com.sgtesting.softassertion.AssertTrueFalseDemo" time="0.027" errors="0" timestamp="2022-11-09T12:29:29 GMT-08:00" skipped="0">
  <testcase classname="com.sgtesting.softassertion.AssertTrueFalseDemo" name="assertFalseDemo" time="0.022"/>
  <system-out/>
  <testcase classname="com.sgtesting.softassertion.AssertTrueFalseDemo" name="assertTrueDemo" time="0.005"/>
  <system-out/>
</testsuite> <!-- com.sgtesting.softassertion.AssertTrueFalseDemo -->
