<?xml version="1.0" encoding="UTF-8"?>
<!-- Generated by org.testng.reporters.JUnitReportReporter -->
<testsuite hostname="DESKTOP-2G1ARNP" failures="0" tests="2" name="com.sgtesting.annotationsummary.AnnotationsSummary" time="0.014" errors="0" timestamp="2022-11-09T11:12:09 GMT-08:00" skipped="0">
  <testcase classname="com.sgtesting.annotationsummary.AnnotationsSummary" name="method1" time="0.010"/>
  <system-out/>
  <testcase classname="com.sgtesting.annotationsummary.AnnotationsSummary" name="method2" time="0.004"/>
  <system-out/>
</testsuite> <!-- com.sgtesting.annotationsummary.AnnotationsSummary -->
