<?xml version="1.0" encoding="UTF-8"?>
<!-- Generated by org.testng.reporters.JUnitReportReporter -->
<testsuite skipped="0" hostname="DESKTOP-2G1ARNP" name="com.sgtesting.actitime.LoggingTest" tests="1" failures="0" timestamp="2022-11-25T08:22:42 GMT-08:00" time="0.028" errors="0">
  <testcase name="displayNumbers" time="0.028" classname="com.sgtesting.actitime.LoggingTest"/>
  <system-out/>
</testsuite> <!-- com.sgtesting.actitime.LoggingTest -->
