<?xml version="1.0" encoding="UTF-8"?>
<!-- Generated by org.testng.reporters.JUnitReportReporter -->
<testsuite skipped="0" hostname="DESKTOP-2G1ARNP" name="com.sgtesting.actitime.LoginLogoutDemo" tests="6" failures="0" timestamp="2022-11-25T09:16:02 GMT-08:00" time="98.343" errors="0">
  <testcase name="launchBrowser" time="30.492" classname="com.sgtesting.actitime.LoginLogoutDemo"/>
  <system-out/>
  <testcase name="navigate" time="36.824" classname="com.sgtesting.actitime.LoginLogoutDemo"/>
  <system-out/>
  <testcase name="login" time="11.316" classname="com.sgtesting.actitime.LoginLogoutDemo"/>
  <system-out/>
  <testcase name="minimizeFlyOutwindow" time="2.291" classname="com.sgtesting.actitime.LoginLogoutDemo"/>
  <system-out/>
  <testcase name="logout" time="13.087" classname="com.sgtesting.actitime.LoginLogoutDemo"/>
  <system-out/>
  <testcase name="closeApp" time="4.333" classname="com.sgtesting.actitime.LoginLogoutDemo"/>
  <system-out/>
</testsuite> <!-- com.sgtesting.actitime.LoginLogoutDemo -->
