<?xml version="1.0" encoding="UTF-8"?>
<!-- Generated by org.testng.reporters.JUnitReportReporter -->
<testsuite hostname="DESKTOP-2G1ARNP" failures="0" tests="1" name="com.sgtesting.mobile.automation.AmazonCordinatesDemo" time="28.200" errors="0" timestamp="2023-01-03T10:45:18 GMT-08:00" skipped="0">
  <testcase classname="com.sgtesting.mobile.automation.AmazonCordinatesDemo" name="simpleLoginTest" time="28.200"/>
  <system-out/>
</testsuite> <!-- com.sgtesting.mobile.automation.AmazonCordinatesDemo -->
