<?xml version="1.0" encoding="UTF-8"?>
<!-- Generated by org.testng.reporters.JUnitReportReporter -->
<testsuite hostname="DESKTOP-2G1ARNP" failures="0" tests="1" name="com.sgtesting.mobile.automation.AmazonSampleDemo" time="36.486" errors="0" timestamp="2022-12-30T02:08:27 GMT-08:00" skipped="0">
  <testcase classname="com.sgtesting.mobile.automation.AmazonSampleDemo" name="desiredCapabilities" time="36.486"/>
  <system-out/>
</testsuite> <!-- com.sgtesting.mobile.automation.AmazonSampleDemo -->
