<?xml version="1.0" encoding="UTF-8"?>
<!-- Generated by org.testng.reporters.JUnitReportReporter -->
<testsuite skipped="0" hostname="DESKTOP-2G1ARNP" name="com.sgtesting.actitime.driverscript.DriverScript" tests="1" failures="0" timestamp="2022-11-24T00:18:21 GMT-08:00" time="60.373" errors="0">
  <testcase name="feature" time="60.373" classname="com.sgtesting.actitime.driverscript.DriverScript"/>
  <system-out/>
</testsuite> <!-- com.sgtesting.actitime.driverscript.DriverScript -->
