<?xml version="1.0" encoding="UTF-8"?>
<!-- Generated by org.testng.reporters.JUnitReportReporter -->
<testsuite hostname="DESKTOP-2G1ARNP" failures="0" tests="8" name="com.sgtesting.Testcases.CreateCustomer" time="75.409" errors="0" timestamp="2022-11-12T13:03:53 GMT-08:00" skipped="0">
  <testcase classname="com.sgtesting.Testcases.CreateCustomer" name="launchBrowser" time="18.071"/>
  <system-out/>
  <testcase classname="com.sgtesting.Testcases.CreateCustomer" name="navigate" time="23.033"/>
  <system-out/>
  <testcase classname="com.sgtesting.Testcases.CreateCustomer" name="login" time="6.967"/>
  <system-out/>
  <testcase classname="com.sgtesting.Testcases.CreateCustomer" name="minimizeFlyOutwindow" time="4.159"/>
  <system-out/>
  <testcase classname="com.sgtesting.Testcases.CreateCustomer" name="createCustomer" time="10.849"/>
  <system-out/>
  <testcase classname="com.sgtesting.Testcases.CreateCustomer" name="deleteCustomer" time="7.644"/>
  <system-out/>
  <testcase classname="com.sgtesting.Testcases.CreateCustomer" name="logout" time="2.680"/>
  <system-out/>
  <testcase classname="com.sgtesting.Testcases.CreateCustomer" name="closeApp" time="2.006"/>
  <system-out/>
</testsuite> <!-- com.sgtesting.Testcases.CreateCustomer -->
