<?xml version="1.0" encoding="UTF-8"?>
<!-- Generated by org.testng.reporters.JUnitReportReporter -->
<testsuite hostname="DESKTOP-2G1ARNP" failures="0" tests="9" name="com.sgtesting.Testcases.ModifyUserScenario" time="55.242" errors="0" timestamp="2022-11-12T13:03:53 GMT-08:00" skipped="0">
  <testcase classname="com.sgtesting.Testcases.ModifyUserScenario" name="launchBrowser" time="2.371"/>
  <system-out/>
  <testcase classname="com.sgtesting.Testcases.ModifyUserScenario" name="navigate" time="8.633"/>
  <system-out/>
  <testcase classname="com.sgtesting.Testcases.ModifyUserScenario" name="login" time="5.323"/>
  <system-out/>
  <testcase classname="com.sgtesting.Testcases.ModifyUserScenario" name="minimizeFlyOutwindow" time="0.101"/>
  <system-out/>
  <testcase classname="com.sgtesting.Testcases.ModifyUserScenario" name="createUser" time="19.033"/>
  <system-out/>
  <testcase classname="com.sgtesting.Testcases.ModifyUserScenario" name="modifyUser" time="7.605"/>
  <system-out/>
  <testcase classname="com.sgtesting.Testcases.ModifyUserScenario" name="deleteUser" time="8.305"/>
  <system-out/>
  <testcase classname="com.sgtesting.Testcases.ModifyUserScenario" name="logout" time="2.519"/>
  <system-out/>
  <testcase classname="com.sgtesting.Testcases.ModifyUserScenario" name="closeApp" time="1.352"/>
  <system-out/>
</testsuite> <!-- com.sgtesting.Testcases.ModifyUserScenario -->
