<?xml version="1.0" encoding="UTF-8"?>
<!-- Generated by org.testng.reporters.JUnitReportReporter -->
<testsuite hostname="DESKTOP-2G1ARNP" failures="0" tests="6" name="com.sgtesting.Testcases.LoginLogoutDemo" time="40.571" errors="0" timestamp="2022-11-11T11:42:22 GMT-08:00" skipped="0">
  <testcase classname="com.sgtesting.Testcases.LoginLogoutDemo" name="launchBrowser" time="12.041"/>
  <system-out/>
  <testcase classname="com.sgtesting.Testcases.LoginLogoutDemo" name="navigate" time="13.835"/>
  <system-out/>
  <testcase classname="com.sgtesting.Testcases.LoginLogoutDemo" name="login" time="9.019"/>
  <system-out/>
  <testcase classname="com.sgtesting.Testcases.LoginLogoutDemo" name="minimizeFlyOutwindow" time="2.217"/>
  <system-out/>
  <testcase classname="com.sgtesting.Testcases.LoginLogoutDemo" name="logout" time="2.759"/>
  <system-out/>
  <testcase classname="com.sgtesting.Testcases.LoginLogoutDemo" name="closeApp" time="0.700"/>
  <system-out/>
</testsuite> <!-- com.sgtesting.Testcases.LoginLogoutDemo -->
