<?xml version="1.0" encoding="UTF-8"?>
<!-- Generated by org.testng.reporters.JUnitReportReporter -->
<testsuite hostname="DESKTOP-2G1ARNP" failures="0" tests="9" name="com.sgtesting.Testcases.CustomerModify" time="44.152" errors="0" timestamp="2022-11-12T13:03:53 GMT-08:00" skipped="0">
  <testcase classname="com.sgtesting.Testcases.CustomerModify" name="launchBrowser" time="4.114"/>
  <system-out/>
  <testcase classname="com.sgtesting.Testcases.CustomerModify" name="navigate" time="12.242"/>
  <system-out/>
  <testcase classname="com.sgtesting.Testcases.CustomerModify" name="login" time="5.346"/>
  <system-out/>
  <testcase classname="com.sgtesting.Testcases.CustomerModify" name="minimizeFlyOutwindow" time="4.142"/>
  <system-out/>
  <testcase classname="com.sgtesting.Testcases.CustomerModify" name="createCustomer" time="6.395"/>
  <system-out/>
  <testcase classname="com.sgtesting.Testcases.CustomerModify" name="modifyCustomer" time="2.457"/>
  <system-out/>
  <testcase classname="com.sgtesting.Testcases.CustomerModify" name="deleteCustomer" time="6.393"/>
  <system-out/>
  <testcase classname="com.sgtesting.Testcases.CustomerModify" name="logout" time="2.505"/>
  <system-out/>
  <testcase classname="com.sgtesting.Testcases.CustomerModify" name="closeApp" time="0.558"/>
  <system-out/>
</testsuite> <!-- com.sgtesting.Testcases.CustomerModify -->
