<?xml version="1.0" encoding="UTF-8"?>
<!-- Generated by org.testng.reporters.JUnitReportReporter -->
<testsuite hostname="DESKTOP-2G1ARNP" failures="0" tests="8" name="com.sgtesting.Testcases.CreateUserScenarioDemo" time="65.366" errors="0" timestamp="2022-11-12T13:03:53 GMT-08:00" skipped="0">
  <testcase classname="com.sgtesting.Testcases.CreateUserScenarioDemo" name="launchBrowser" time="14.189"/>
  <system-out/>
  <testcase classname="com.sgtesting.Testcases.CreateUserScenarioDemo" name="navigate" time="10.356"/>
  <system-out/>
  <testcase classname="com.sgtesting.Testcases.CreateUserScenarioDemo" name="login" time="5.393"/>
  <system-out/>
  <testcase classname="com.sgtesting.Testcases.CreateUserScenarioDemo" name="minimizeFlyOutwindow" time="2.162"/>
  <system-out/>
  <testcase classname="com.sgtesting.Testcases.CreateUserScenarioDemo" name="createUser" time="19.891"/>
  <system-out/>
  <testcase classname="com.sgtesting.Testcases.CreateUserScenarioDemo" name="logout" time="2.879"/>
  <system-out/>
  <testcase classname="com.sgtesting.Testcases.CreateUserScenarioDemo" name="deleteUser" time="8.996"/>
  <system-out/>
  <testcase classname="com.sgtesting.Testcases.CreateUserScenarioDemo" name="closeApp" time="1.500"/>
  <system-out/>
</testsuite> <!-- com.sgtesting.Testcases.CreateUserScenarioDemo -->
