<?xml version="1.0" encoding="UTF-8"?>
<!-- Generated by org.testng.reporters.JUnitReportReporter -->
<testsuite hostname="DESKTOP-2G1ARNP" failures="0" tests="10" name="com.sgtesting.Testcases.CreateProject" time="59.753" errors="0" timestamp="2022-11-12T13:03:53 GMT-08:00" skipped="0">
  <testcase classname="com.sgtesting.Testcases.CreateProject" name="launchBrowser" time="5.411"/>
  <system-out/>
  <testcase classname="com.sgtesting.Testcases.CreateProject" name="navigate" time="11.636"/>
  <system-out/>
  <testcase classname="com.sgtesting.Testcases.CreateProject" name="login" time="5.399"/>
  <system-out/>
  <testcase classname="com.sgtesting.Testcases.CreateProject" name="minimizeFlyOutwindow" time="4.160"/>
  <system-out/>
  <testcase classname="com.sgtesting.Testcases.CreateProject" name="createCustomer" time="6.434"/>
  <system-out/>
  <testcase classname="com.sgtesting.Testcases.CreateProject" name="createProject" time="10.564"/>
  <system-out/>
  <testcase classname="com.sgtesting.Testcases.CreateProject" name="deleteProject" time="8.485"/>
  <system-out/>
  <testcase classname="com.sgtesting.Testcases.CreateProject" name="deleteCustomer" time="0.361"/>
  <system-out/>
  <testcase classname="com.sgtesting.Testcases.CreateProject" name="logout" time="3.614"/>
  <system-out/>
  <testcase classname="com.sgtesting.Testcases.CreateProject" name="closeApp" time="3.689"/>
  <system-out/>
</testsuite> <!-- com.sgtesting.Testcases.CreateProject -->
