<?xml version="1.0" encoding="UTF-8"?>
<!-- Generated by org.testng.reporters.JUnitReportReporter -->
<testsuite hostname="DESKTOP-2G1ARNP" failures="0" tests="3" name="com.sgtesting.Testcases.Users" time="0.026" errors="0" timestamp="2022-11-10T12:10:48 GMT-08:00" skipped="0">
  <testcase classname="com.sgtesting.Testcases.Users" name="createUser" time="0.014"/>
  <system-out/>
  <testcase classname="com.sgtesting.Testcases.Users" name="modifyUser" time="0.004"/>
  <system-out/>
  <testcase classname="com.sgtesting.Testcases.Users" name="deleteUser" time="0.008"/>
  <system-out/>
</testsuite> <!-- com.sgtesting.Testcases.Users -->
