<?xml version="1.0" encoding="UTF-8"?>
<!-- Generated by org.testng.reporters.JUnitReportReporter -->
<testsuite hostname="DESKTOP-2G1ARNP" failures="0" tests="11" name="com.sgtesting.Testcases.ModifyProject" time="56.442" errors="0" timestamp="2022-11-12T13:03:53 GMT-08:00" skipped="0">
  <testcase classname="com.sgtesting.Testcases.ModifyProject" name="launchBrowser" time="2.405"/>
  <system-out/>
  <testcase classname="com.sgtesting.Testcases.ModifyProject" name="navigate" time="9.834"/>
  <system-out/>
  <testcase classname="com.sgtesting.Testcases.ModifyProject" name="login" time="5.413"/>
  <system-out/>
  <testcase classname="com.sgtesting.Testcases.ModifyProject" name="minimizeFlyOutwindow" time="4.126"/>
  <system-out/>
  <testcase classname="com.sgtesting.Testcases.ModifyProject" name="createCustomer" time="6.382"/>
  <system-out/>
  <testcase classname="com.sgtesting.Testcases.ModifyProject" name="createProject" time="10.423"/>
  <system-out/>
  <testcase classname="com.sgtesting.Testcases.ModifyProject" name="ModifyProject1" time="6.391"/>
  <system-out/>
  <testcase classname="com.sgtesting.Testcases.ModifyProject" name="deleteProject" time="8.464"/>
  <system-out/>
  <testcase classname="com.sgtesting.Testcases.ModifyProject" name="deleteCustomer" time="0.025"/>
  <system-out/>
  <testcase classname="com.sgtesting.Testcases.ModifyProject" name="logout" time="2.500"/>
  <system-out/>
  <testcase classname="com.sgtesting.Testcases.ModifyProject" name="closeApp" time="0.479"/>
  <system-out/>
</testsuite> <!-- com.sgtesting.Testcases.ModifyProject -->
