<?xml version="1.0" encoding="UTF-8"?>
<!-- Generated by org.testng.reporters.JUnitReportReporter -->
<testsuite hostname="DESKTOP-2G1ARNP" failures="0" tests="12" name="com.sgtesting.Testcases.CreateTask" time="84.986" errors="0" timestamp="2022-11-12T13:03:53 GMT-08:00" skipped="0">
  <testcase classname="com.sgtesting.Testcases.CreateTask" name="launchBrowser" time="13.137"/>
  <system-out/>
  <testcase classname="com.sgtesting.Testcases.CreateTask" name="navigate" time="9.742"/>
  <system-out/>
  <testcase classname="com.sgtesting.Testcases.CreateTask" name="login" time="5.330"/>
  <system-out/>
  <testcase classname="com.sgtesting.Testcases.CreateTask" name="minimizeFlyOutwindow" time="4.454"/>
  <system-out/>
  <testcase classname="com.sgtesting.Testcases.CreateTask" name="createCustomer" time="8.795"/>
  <system-out/>
  <testcase classname="com.sgtesting.Testcases.CreateTask" name="createProject" time="11.082"/>
  <system-out/>
  <testcase classname="com.sgtesting.Testcases.CreateTask" name="CreateTask" time="10.642"/>
  <system-out/>
  <testcase classname="com.sgtesting.Testcases.CreateTask" name="DeleteTask" time="8.415"/>
  <system-out/>
  <testcase classname="com.sgtesting.Testcases.CreateTask" name="deleteProject" time="8.509"/>
  <system-out/>
  <testcase classname="com.sgtesting.Testcases.CreateTask" name="deleteCustomer" time="0.032"/>
  <system-out/>
  <testcase classname="com.sgtesting.Testcases.CreateTask" name="logout" time="2.696"/>
  <system-out/>
  <testcase classname="com.sgtesting.Testcases.CreateTask" name="closeApp" time="2.152"/>
  <system-out/>
</testsuite> <!-- com.sgtesting.Testcases.CreateTask -->
