<?xml version="1.0" encoding="UTF-8"?>
<!-- Generated by org.testng.reporters.JUnitReportReporter -->
<testsuite hostname="DESKTOP-2G1ARNP" failures="0" tests="10" name="com.sgtesting.testngscenario.CreateProject" time="55.534" errors="0" timestamp="2022-11-10T23:52:56 GMT-08:00" skipped="0">
  <testcase classname="com.sgtesting.testngscenario.CreateProject" name="launchBrowser" time="7.337"/>
  <system-out/>
  <testcase classname="com.sgtesting.testngscenario.CreateProject" name="navigate" time="10.999"/>
  <system-out/>
  <testcase classname="com.sgtesting.testngscenario.CreateProject" name="login" time="5.443"/>
  <system-out/>
  <testcase classname="com.sgtesting.testngscenario.CreateProject" name="minimizeFlyOutwindow" time="4.182"/>
  <system-out/>
  <testcase classname="com.sgtesting.testngscenario.CreateProject" name="createCustomer" time="8.547"/>
  <system-out/>
  <testcase classname="com.sgtesting.testngscenario.CreateProject" name="createProject" time="10.453"/>
  <system-out/>
  <testcase classname="com.sgtesting.testngscenario.CreateProject" name="deleteProject" time="5.394"/>
  <system-out/>
  <testcase classname="com.sgtesting.testngscenario.CreateProject" name="deleteCustomer" time="0.038"/>
  <system-out/>
  <testcase classname="com.sgtesting.testngscenario.CreateProject" name="logout" time="2.461"/>
  <system-out/>
  <testcase classname="com.sgtesting.testngscenario.CreateProject" name="closeApp" time="0.680"/>
  <system-out/>
</testsuite> <!-- com.sgtesting.testngscenario.CreateProject -->
