<?xml version="1.0" encoding="UTF-8"?>
<!-- Generated by org.testng.reporters.JUnitReportReporter -->
<testsuite hostname="DESKTOP-2G1ARNP" failures="0" tests="10" name="com.sgtesting.testngscenario.CreateProject" time="50.768" errors="0" timestamp="2022-11-11T20:44:01 GMT-08:00" skipped="0">
  <testcase classname="com.sgtesting.testngscenario.CreateProject" name="launchBrowser" time="3.208"/>
  <system-out/>
  <testcase classname="com.sgtesting.testngscenario.CreateProject" name="navigate" time="9.216"/>
  <system-out/>
  <testcase classname="com.sgtesting.testngscenario.CreateProject" name="login" time="5.316"/>
  <system-out/>
  <testcase classname="com.sgtesting.testngscenario.CreateProject" name="minimizeFlyOutwindow" time="4.118"/>
  <system-out/>
  <testcase classname="com.sgtesting.testngscenario.CreateProject" name="createCustomer" time="7.116"/>
  <system-out/>
  <testcase classname="com.sgtesting.testngscenario.CreateProject" name="createProject" time="10.398"/>
  <system-out/>
  <testcase classname="com.sgtesting.testngscenario.CreateProject" name="deleteProject" time="8.398"/>
  <system-out/>
  <testcase classname="com.sgtesting.testngscenario.CreateProject" name="deleteCustomer" time="0.080"/>
  <system-out/>
  <testcase classname="com.sgtesting.testngscenario.CreateProject" name="logout" time="2.608"/>
  <system-out/>
  <testcase classname="com.sgtesting.testngscenario.CreateProject" name="closeApp" time="0.310"/>
  <system-out/>
</testsuite> <!-- com.sgtesting.testngscenario.CreateProject -->
