<?xml version="1.0" encoding="UTF-8"?>
<!-- Generated by org.testng.reporters.JUnitReportReporter -->
<testsuite hostname="DESKTOP-2G1ARNP" failures="0" tests="9" name="com.sgtesting.testngscenario.CustomerModify" time="49.852" errors="0" timestamp="2022-11-10T23:52:56 GMT-08:00" skipped="0">
  <testcase classname="com.sgtesting.testngscenario.CustomerModify" name="launchBrowser" time="5.801"/>
  <system-out/>
  <testcase classname="com.sgtesting.testngscenario.CustomerModify" name="navigate" time="14.926"/>
  <system-out/>
  <testcase classname="com.sgtesting.testngscenario.CustomerModify" name="login" time="6.345"/>
  <system-out/>
  <testcase classname="com.sgtesting.testngscenario.CustomerModify" name="minimizeFlyOutwindow" time="4.242"/>
  <system-out/>
  <testcase classname="com.sgtesting.testngscenario.CustomerModify" name="createCustomer" time="7.495"/>
  <system-out/>
  <testcase classname="com.sgtesting.testngscenario.CustomerModify" name="modifyCustomer" time="2.209"/>
  <system-out/>
  <testcase classname="com.sgtesting.testngscenario.CustomerModify" name="deleteCustomer" time="5.399"/>
  <system-out/>
  <testcase classname="com.sgtesting.testngscenario.CustomerModify" name="logout" time="2.810"/>
  <system-out/>
  <testcase classname="com.sgtesting.testngscenario.CustomerModify" name="closeApp" time="0.625"/>
  <system-out/>
</testsuite> <!-- com.sgtesting.testngscenario.CustomerModify -->
