<?xml version="1.0" encoding="UTF-8"?>
<!-- Generated by org.testng.reporters.JUnitReportReporter -->
<testsuite hostname="DESKTOP-2G1ARNP" failures="0" tests="6" name="com.sgtesting.testngscenario.LoginLogoutDemo" time="28.688" errors="0" timestamp="2022-11-10T23:52:56 GMT-08:00" skipped="0">
  <testcase classname="com.sgtesting.testngscenario.LoginLogoutDemo" name="launchBrowser" time="6.961"/>
  <system-out/>
  <testcase classname="com.sgtesting.testngscenario.LoginLogoutDemo" name="navigate" time="10.888"/>
  <system-out/>
  <testcase classname="com.sgtesting.testngscenario.LoginLogoutDemo" name="login" time="5.636"/>
  <system-out/>
  <testcase classname="com.sgtesting.testngscenario.LoginLogoutDemo" name="minimizeFlyOutwindow" time="2.318"/>
  <system-out/>
  <testcase classname="com.sgtesting.testngscenario.LoginLogoutDemo" name="logout" time="2.384"/>
  <system-out/>
  <testcase classname="com.sgtesting.testngscenario.LoginLogoutDemo" name="closeApp" time="0.501"/>
  <system-out/>
</testsuite> <!-- com.sgtesting.testngscenario.LoginLogoutDemo -->
