<?xml version="1.0" encoding="UTF-8"?>
<!-- Generated by org.testng.reporters.JUnitReportReporter -->
<testsuite hostname="DESKTOP-2G1ARNP" failures="0" tests="8" name="com.sgtesting.testngscenario.CreateCustomer" time="46.490" errors="0" timestamp="2022-11-10T23:52:56 GMT-08:00" skipped="0">
  <testcase classname="com.sgtesting.testngscenario.CreateCustomer" name="launchBrowser" time="9.758"/>
  <system-out/>
  <testcase classname="com.sgtesting.testngscenario.CreateCustomer" name="navigate" time="8.937"/>
  <system-out/>
  <testcase classname="com.sgtesting.testngscenario.CreateCustomer" name="login" time="5.406"/>
  <system-out/>
  <testcase classname="com.sgtesting.testngscenario.CreateCustomer" name="minimizeFlyOutwindow" time="4.620"/>
  <system-out/>
  <testcase classname="com.sgtesting.testngscenario.CreateCustomer" name="createCustomer" time="7.880"/>
  <system-out/>
  <testcase classname="com.sgtesting.testngscenario.CreateCustomer" name="deleteCustomer" time="5.441"/>
  <system-out/>
  <testcase classname="com.sgtesting.testngscenario.CreateCustomer" name="logout" time="3.600"/>
  <system-out/>
  <testcase classname="com.sgtesting.testngscenario.CreateCustomer" name="closeApp" time="0.848"/>
  <system-out/>
</testsuite> <!-- com.sgtesting.testngscenario.CreateCustomer -->
