<?xml version="1.0" encoding="UTF-8"?>
<!-- Generated by org.testng.reporters.JUnitReportReporter -->
<testsuite hostname="DESKTOP-2G1ARNP" failures="0" tests="11" name="com.sgtesting.testngscenario.ModifyProject" time="58.565" errors="0" timestamp="2022-11-11T20:44:01 GMT-08:00" skipped="0">
  <testcase classname="com.sgtesting.testngscenario.ModifyProject" name="launchBrowser" time="2.798"/>
  <system-out/>
  <testcase classname="com.sgtesting.testngscenario.ModifyProject" name="navigate" time="9.463"/>
  <system-out/>
  <testcase classname="com.sgtesting.testngscenario.ModifyProject" name="login" time="6.328"/>
  <system-out/>
  <testcase classname="com.sgtesting.testngscenario.ModifyProject" name="minimizeFlyOutwindow" time="4.117"/>
  <system-out/>
  <testcase classname="com.sgtesting.testngscenario.ModifyProject" name="createCustomer" time="6.527"/>
  <system-out/>
  <testcase classname="com.sgtesting.testngscenario.ModifyProject" name="createProject" time="10.389"/>
  <system-out/>
  <testcase classname="com.sgtesting.testngscenario.ModifyProject" name="ModifyProject1" time="6.251"/>
  <system-out/>
  <testcase classname="com.sgtesting.testngscenario.ModifyProject" name="deleteProject" time="8.348"/>
  <system-out/>
  <testcase classname="com.sgtesting.testngscenario.ModifyProject" name="deleteCustomer" time="0.027"/>
  <system-out/>
  <testcase classname="com.sgtesting.testngscenario.ModifyProject" name="logout" time="3.233"/>
  <system-out/>
  <testcase classname="com.sgtesting.testngscenario.ModifyProject" name="closeApp" time="1.084"/>
  <system-out/>
</testsuite> <!-- com.sgtesting.testngscenario.ModifyProject -->
