<?xml version="1.0" encoding="UTF-8"?>
<!-- Generated by org.testng.reporters.JUnitReportReporter -->
<testsuite hostname="DESKTOP-2G1ARNP" failures="0" tests="12" name="com.sgtesting.testngscenario.CreateTask" time="72.976" errors="0" timestamp="2022-11-11T20:44:01 GMT-08:00" skipped="0">
  <testcase classname="com.sgtesting.testngscenario.CreateTask" name="launchBrowser" time="3.568"/>
  <system-out/>
  <testcase classname="com.sgtesting.testngscenario.CreateTask" name="navigate" time="13.328"/>
  <system-out/>
  <testcase classname="com.sgtesting.testngscenario.CreateTask" name="login" time="5.303"/>
  <system-out/>
  <testcase classname="com.sgtesting.testngscenario.CreateTask" name="minimizeFlyOutwindow" time="4.094"/>
  <system-out/>
  <testcase classname="com.sgtesting.testngscenario.CreateTask" name="createCustomer" time="6.520"/>
  <system-out/>
  <testcase classname="com.sgtesting.testngscenario.CreateTask" name="createProject" time="10.407"/>
  <system-out/>
  <testcase classname="com.sgtesting.testngscenario.CreateTask" name="CreateTask" time="10.406"/>
  <system-out/>
  <testcase classname="com.sgtesting.testngscenario.CreateTask" name="DeleteTask" time="8.347"/>
  <system-out/>
  <testcase classname="com.sgtesting.testngscenario.CreateTask" name="deleteProject" time="8.324"/>
  <system-out/>
  <testcase classname="com.sgtesting.testngscenario.CreateTask" name="deleteCustomer" time="0.026"/>
  <system-out/>
  <testcase classname="com.sgtesting.testngscenario.CreateTask" name="logout" time="2.280"/>
  <system-out/>
  <testcase classname="com.sgtesting.testngscenario.CreateTask" name="closeApp" time="0.373"/>
  <system-out/>
</testsuite> <!-- com.sgtesting.testngscenario.CreateTask -->
