<?xml version="1.0" encoding="UTF-8"?>
<!-- Generated by org.testng.reporters.JUnitReportReporter -->
<testsuite hostname="DESKTOP-2G1ARNP" failures="0" tests="12" name="com.sgtesting.testngscenario.CreateTask" time="77.482" errors="0" timestamp="2022-11-10T23:52:56 GMT-08:00" skipped="0">
  <testcase classname="com.sgtesting.testngscenario.CreateTask" name="launchBrowser" time="4.799"/>
  <system-out/>
  <testcase classname="com.sgtesting.testngscenario.CreateTask" name="navigate" time="16.182"/>
  <system-out/>
  <testcase classname="com.sgtesting.testngscenario.CreateTask" name="login" time="6.503"/>
  <system-out/>
  <testcase classname="com.sgtesting.testngscenario.CreateTask" name="minimizeFlyOutwindow" time="4.462"/>
  <system-out/>
  <testcase classname="com.sgtesting.testngscenario.CreateTask" name="createCustomer" time="7.127"/>
  <system-out/>
  <testcase classname="com.sgtesting.testngscenario.CreateTask" name="createProject" time="10.469"/>
  <system-out/>
  <testcase classname="com.sgtesting.testngscenario.CreateTask" name="CreateTask" time="10.552"/>
  <system-out/>
  <testcase classname="com.sgtesting.testngscenario.CreateTask" name="DeleteTask" time="5.422"/>
  <system-out/>
  <testcase classname="com.sgtesting.testngscenario.CreateTask" name="deleteProject" time="8.402"/>
  <system-out/>
  <testcase classname="com.sgtesting.testngscenario.CreateTask" name="deleteCustomer" time="0.026"/>
  <system-out/>
  <testcase classname="com.sgtesting.testngscenario.CreateTask" name="logout" time="2.963"/>
  <system-out/>
  <testcase classname="com.sgtesting.testngscenario.CreateTask" name="closeApp" time="0.575"/>
  <system-out/>
</testsuite> <!-- com.sgtesting.testngscenario.CreateTask -->
