<?xml version="1.0" encoding="UTF-8"?>
<!-- Generated by org.testng.reporters.JUnitReportReporter -->
<testsuite hostname="DESKTOP-2G1ARNP" failures="0" tests="36" name="com.sgtesting.testngscenario.CreateMultipleUser" time="211.861" errors="0" timestamp="2022-11-11T20:44:01 GMT-08:00" skipped="0">
  <testcase classname="com.sgtesting.testngscenario.CreateMultipleUser" name="launchBrowser" time="5.606"/>
  <system-out/>
  <testcase classname="com.sgtesting.testngscenario.CreateMultipleUser" name="navigate" time="8.945"/>
  <system-out/>
  <testcase classname="com.sgtesting.testngscenario.CreateMultipleUser" name="login" time="5.301"/>
  <system-out/>
  <testcase classname="com.sgtesting.testngscenario.CreateMultipleUser" name="minimizeFlyOutwindow" time="2.142"/>
  <system-out/>
  <testcase classname="com.sgtesting.testngscenario.CreateMultipleUser" name="User1" time="17.723"/>
  <system-out/>
  <testcase classname="com.sgtesting.testngscenario.CreateMultipleUser" name="User2" time="12.741"/>
  <system-out/>
  <testcase classname="com.sgtesting.testngscenario.CreateMultipleUser" name="User3" time="12.751"/>
  <system-out/>
  <testcase classname="com.sgtesting.testngscenario.CreateMultipleUser" name="Logout" time="2.381"/>
  <system-out/>
  <testcase classname="com.sgtesting.testngscenario.CreateMultipleUser" name="LoginUser1" time="2.349"/>
  <system-out/>
  <testcase classname="com.sgtesting.testngscenario.CreateMultipleUser" name="Logoutuser1" time="3.319"/>
  <system-out/>
  <testcase classname="com.sgtesting.testngscenario.CreateMultipleUser" name="LoginUser2" time="2.354"/>
  <system-out/>
  <testcase classname="com.sgtesting.testngscenario.CreateMultipleUser" name="Logoutuser2" time="3.195"/>
  <system-out/>
  <testcase classname="com.sgtesting.testngscenario.CreateMultipleUser" name="LoginUser3" time="3.098"/>
  <system-out/>
  <testcase classname="com.sgtesting.testngscenario.CreateMultipleUser" name="Logoutuser3" time="3.211"/>
  <system-out/>
  <testcase classname="com.sgtesting.testngscenario.CreateMultipleUser" name="SecontimeLoginUser1" time="2.248"/>
  <system-out/>
  <testcase classname="com.sgtesting.testngscenario.CreateMultipleUser" name="Modifyuser1" time="11.276"/>
  <system-out/>
  <testcase classname="com.sgtesting.testngscenario.CreateMultipleUser" name="SecondtimeLogoutuser1" time="2.607"/>
  <system-out/>
  <testcase classname="com.sgtesting.testngscenario.CreateMultipleUser" name="SecondtimeLoginUser2" time="2.213"/>
  <system-out/>
  <testcase classname="com.sgtesting.testngscenario.CreateMultipleUser" name="Modifyuser2" time="10.892"/>
  <system-out/>
  <testcase classname="com.sgtesting.testngscenario.CreateMultipleUser" name="SecondtimeLogoutuser2" time="2.279"/>
  <system-out/>
  <testcase classname="com.sgtesting.testngscenario.CreateMultipleUser" name="SecondtimeLoginUser3" time="2.217"/>
  <system-out/>
  <testcase classname="com.sgtesting.testngscenario.CreateMultipleUser" name="Modifyuser3" time="11.161"/>
  <system-out/>
  <testcase classname="com.sgtesting.testngscenario.CreateMultipleUser" name="SecondtimeLogoutuser3" time="2.268"/>
  <system-out/>
  <testcase classname="com.sgtesting.testngscenario.CreateMultipleUser" name="SecondtimeadminLogin" time="2.235"/>
  <system-out/>
  <testcase classname="com.sgtesting.testngscenario.CreateMultipleUser" name="AdminModifyuser1" time="31.812"/>
  <system-out/>
  <testcase classname="com.sgtesting.testngscenario.CreateMultipleUser" name="SecondtimeAdminlogout" time="2.314"/>
  <system-out/>
  <testcase classname="com.sgtesting.testngscenario.CreateMultipleUser" name="ThirdtimeLoginUser1" time="2.229"/>
  <system-out/>
  <testcase classname="com.sgtesting.testngscenario.CreateMultipleUser" name="Thirdtimeuser1logout" time="2.250"/>
  <system-out/>
  <testcase classname="com.sgtesting.testngscenario.CreateMultipleUser" name="ThirdtimeLoginUser2" time="2.222"/>
  <system-out/>
  <testcase classname="com.sgtesting.testngscenario.CreateMultipleUser" name="Thirdtimeuser2logout" time="2.260"/>
  <system-out/>
  <testcase classname="com.sgtesting.testngscenario.CreateMultipleUser" name="ThirdtimeLoginUser3" time="2.221"/>
  <system-out/>
  <testcase classname="com.sgtesting.testngscenario.CreateMultipleUser" name="Thirdtimeuser3logout" time="2.252"/>
  <system-out/>
  <testcase classname="com.sgtesting.testngscenario.CreateMultipleUser" name="thirdtimeadminLogin" time="2.213"/>
  <system-out/>
  <testcase classname="com.sgtesting.testngscenario.CreateMultipleUser" name="DeleteUesers" time="21.709"/>
  <system-out/>
  <testcase classname="com.sgtesting.testngscenario.CreateMultipleUser" name="ThirdtimeAdminlogout" time="2.443"/>
  <system-out/>
  <testcase classname="com.sgtesting.testngscenario.CreateMultipleUser" name="CloseBrowser" time="3.424"/>
  <system-out/>
</testsuite> <!-- com.sgtesting.testngscenario.CreateMultipleUser -->
