<?xml version="1.0" encoding="UTF-8"?>
<!-- Generated by org.testng.reporters.JUnitReportReporter -->
<testsuite hostname="DESKTOP-2G1ARNP" failures="0" tests="11" name="com.sgtesting.testngscenario.ModifyProject" time="58.843" errors="0" timestamp="2022-11-10T23:52:56 GMT-08:00" skipped="0">
  <testcase classname="com.sgtesting.testngscenario.ModifyProject" name="launchBrowser" time="2.825"/>
  <system-out/>
  <testcase classname="com.sgtesting.testngscenario.ModifyProject" name="navigate" time="14.045"/>
  <system-out/>
  <testcase classname="com.sgtesting.testngscenario.ModifyProject" name="login" time="6.580"/>
  <system-out/>
  <testcase classname="com.sgtesting.testngscenario.ModifyProject" name="minimizeFlyOutwindow" time="4.281"/>
  <system-out/>
  <testcase classname="com.sgtesting.testngscenario.ModifyProject" name="createCustomer" time="8.653"/>
  <system-out/>
  <testcase classname="com.sgtesting.testngscenario.ModifyProject" name="createProject" time="10.526"/>
  <system-out/>
  <testcase classname="com.sgtesting.testngscenario.ModifyProject" name="ModifyProject" time="3.467"/>
  <system-out/>
  <testcase classname="com.sgtesting.testngscenario.ModifyProject" name="deleteProject" time="5.387"/>
  <system-out/>
  <testcase classname="com.sgtesting.testngscenario.ModifyProject" name="deleteCustomer" time="0.025"/>
  <system-out/>
  <testcase classname="com.sgtesting.testngscenario.ModifyProject" name="logout" time="2.555"/>
  <system-out/>
  <testcase classname="com.sgtesting.testngscenario.ModifyProject" name="closeApp" time="0.499"/>
  <system-out/>
</testsuite> <!-- com.sgtesting.testngscenario.ModifyProject -->
