<?xml version="1.0" encoding="UTF-8"?>
<!-- Generated by org.testng.reporters.JUnitReportReporter -->
<testsuite hostname="DESKTOP-2G1ARNP" failures="0" tests="8" name="com.sgtesting.testngscenario.CreateUserScenarioDemo" time="52.463" errors="0" timestamp="2022-11-10T23:52:56 GMT-08:00" skipped="0">
  <testcase classname="com.sgtesting.testngscenario.CreateUserScenarioDemo" name="launchBrowser" time="4.357"/>
  <system-out/>
  <testcase classname="com.sgtesting.testngscenario.CreateUserScenarioDemo" name="navigate" time="9.440"/>
  <system-out/>
  <testcase classname="com.sgtesting.testngscenario.CreateUserScenarioDemo" name="login" time="5.473"/>
  <system-out/>
  <testcase classname="com.sgtesting.testngscenario.CreateUserScenarioDemo" name="minimizeFlyOutwindow" time="2.369"/>
  <system-out/>
  <testcase classname="com.sgtesting.testngscenario.CreateUserScenarioDemo" name="createUser" time="20.079"/>
  <system-out/>
  <testcase classname="com.sgtesting.testngscenario.CreateUserScenarioDemo" name="deleteUser" time="7.631"/>
  <system-out/>
  <testcase classname="com.sgtesting.testngscenario.CreateUserScenarioDemo" name="logout" time="2.600"/>
  <system-out/>
  <testcase classname="com.sgtesting.testngscenario.CreateUserScenarioDemo" name="closeApp" time="0.514"/>
  <system-out/>
</testsuite> <!-- com.sgtesting.testngscenario.CreateUserScenarioDemo -->
