<?xml version="1.0" encoding="UTF-8"?>
<!-- Generated by org.testng.reporters.JUnitReportReporter -->
<testsuite hostname="DESKTOP-2G1ARNP" failures="0" tests="9" name="com.sgtesting.testngscenario.ModifyUserScenario" time="50.951" errors="0" timestamp="2022-11-11T20:44:01 GMT-08:00" skipped="0">
  <testcase classname="com.sgtesting.testngscenario.ModifyUserScenario" name="launchBrowser" time="3.833"/>
  <system-out/>
  <testcase classname="com.sgtesting.testngscenario.ModifyUserScenario" name="navigate" time="6.998"/>
  <system-out/>
  <testcase classname="com.sgtesting.testngscenario.ModifyUserScenario" name="login" time="5.306"/>
  <system-out/>
  <testcase classname="com.sgtesting.testngscenario.ModifyUserScenario" name="minimizeFlyOutwindow" time="0.266"/>
  <system-out/>
  <testcase classname="com.sgtesting.testngscenario.ModifyUserScenario" name="createUser" time="16.621"/>
  <system-out/>
  <testcase classname="com.sgtesting.testngscenario.ModifyUserScenario" name="modifyUser" time="7.606"/>
  <system-out/>
  <testcase classname="com.sgtesting.testngscenario.ModifyUserScenario" name="deleteUser" time="6.227"/>
  <system-out/>
  <testcase classname="com.sgtesting.testngscenario.ModifyUserScenario" name="logout" time="2.693"/>
  <system-out/>
  <testcase classname="com.sgtesting.testngscenario.ModifyUserScenario" name="closeApp" time="1.401"/>
  <system-out/>
</testsuite> <!-- com.sgtesting.testngscenario.ModifyUserScenario -->
