<?xml version="1.0" encoding="UTF-8"?>
<!-- Generated by org.testng.reporters.JUnitReportReporter -->
<testsuite hostname="DESKTOP-2G1ARNP" failures="0" tests="6" name="com.sgtesting.testngscenario.LoginLogoutDemo" time="23.487" errors="0" timestamp="2022-11-11T20:44:01 GMT-08:00" skipped="0">
  <testcase classname="com.sgtesting.testngscenario.LoginLogoutDemo" name="launchBrowser" time="3.688"/>
  <system-out/>
  <testcase classname="com.sgtesting.testngscenario.LoginLogoutDemo" name="navigate" time="9.613"/>
  <system-out/>
  <testcase classname="com.sgtesting.testngscenario.LoginLogoutDemo" name="login" time="5.316"/>
  <system-out/>
  <testcase classname="com.sgtesting.testngscenario.LoginLogoutDemo" name="minimizeFlyOutwindow" time="2.108"/>
  <system-out/>
  <testcase classname="com.sgtesting.testngscenario.LoginLogoutDemo" name="logout" time="2.329"/>
  <system-out/>
  <testcase classname="com.sgtesting.testngscenario.LoginLogoutDemo" name="closeApp" time="0.433"/>
  <system-out/>
</testsuite> <!-- com.sgtesting.testngscenario.LoginLogoutDemo -->
