<?xml version="1.0" encoding="UTF-8"?>
<!-- Generated by org.testng.reporters.JUnitReportReporter -->
<testsuite hostname="DESKTOP-2G1ARNP" failures="0" tests="6" name="com.sgtesting.testngscenario.LoginLogoutDemo" time="179.107" errors="0" timestamp="2022-11-09T14:07:07 GMT-08:00" skipped="0">
  <testcase classname="com.sgtesting.testngscenario.LoginLogoutDemo" name="launchBrowser" time="11.200"/>
  <system-out/>
  <testcase classname="com.sgtesting.testngscenario.LoginLogoutDemo" name="navigate" time="115.749"/>
  <system-out/>
  <testcase classname="com.sgtesting.testngscenario.LoginLogoutDemo" name="login" time="42.067"/>
  <system-out/>
  <testcase classname="com.sgtesting.testngscenario.LoginLogoutDemo" name="minimizeFlyOutwindow" time="3.722"/>
  <system-out/>
  <testcase classname="com.sgtesting.testngscenario.LoginLogoutDemo" name="logout" time="3.219"/>
  <system-out/>
  <testcase classname="com.sgtesting.testngscenario.LoginLogoutDemo" name="closeApp" time="3.150"/>
  <system-out/>
</testsuite> <!-- com.sgtesting.testngscenario.LoginLogoutDemo -->
