<?xml version="1.0" encoding="UTF-8"?>
<!-- Generated by org.testng.reporters.JUnitReportReporter -->
<testsuite hostname="DESKTOP-2G1ARNP" failures="0" tests="8" name="com.sgtesting.testngscenario.CreateUserScenarioDemo" time="47.341" errors="0" timestamp="2022-11-11T20:44:01 GMT-08:00" skipped="0">
  <testcase classname="com.sgtesting.testngscenario.CreateUserScenarioDemo" name="launchBrowser" time="3.298"/>
  <system-out/>
  <testcase classname="com.sgtesting.testngscenario.CreateUserScenarioDemo" name="navigate" time="10.317"/>
  <system-out/>
  <testcase classname="com.sgtesting.testngscenario.CreateUserScenarioDemo" name="login" time="5.292"/>
  <system-out/>
  <testcase classname="com.sgtesting.testngscenario.CreateUserScenarioDemo" name="minimizeFlyOutwindow" time="2.143"/>
  <system-out/>
  <testcase classname="com.sgtesting.testngscenario.CreateUserScenarioDemo" name="createUser" time="16.093"/>
  <system-out/>
  <testcase classname="com.sgtesting.testngscenario.CreateUserScenarioDemo" name="logout" time="2.294"/>
  <system-out/>
  <testcase classname="com.sgtesting.testngscenario.CreateUserScenarioDemo" name="deleteUser" time="7.439"/>
  <system-out/>
  <testcase classname="com.sgtesting.testngscenario.CreateUserScenarioDemo" name="closeApp" time="0.465"/>
  <system-out/>
</testsuite> <!-- com.sgtesting.testngscenario.CreateUserScenarioDemo -->
