<?xml version="1.0" encoding="UTF-8"?>
<!-- Generated by org.testng.reporters.JUnitReportReporter -->
<testsuite hostname="DESKTOP-2G1ARNP" failures="0" tests="8" name="com.sgtesting.testngscenario.CreateCustomer" time="42.592" errors="0" timestamp="2022-11-11T20:44:01 GMT-08:00" skipped="0">
  <testcase classname="com.sgtesting.testngscenario.CreateCustomer" name="launchBrowser" time="8.360"/>
  <system-out/>
  <testcase classname="com.sgtesting.testngscenario.CreateCustomer" name="navigate" time="8.645"/>
  <system-out/>
  <testcase classname="com.sgtesting.testngscenario.CreateCustomer" name="login" time="5.322"/>
  <system-out/>
  <testcase classname="com.sgtesting.testngscenario.CreateCustomer" name="minimizeFlyOutwindow" time="4.104"/>
  <system-out/>
  <testcase classname="com.sgtesting.testngscenario.CreateCustomer" name="createCustomer" time="6.282"/>
  <system-out/>
  <testcase classname="com.sgtesting.testngscenario.CreateCustomer" name="deleteCustomer" time="6.357"/>
  <system-out/>
  <testcase classname="com.sgtesting.testngscenario.CreateCustomer" name="logout" time="3.088"/>
  <system-out/>
  <testcase classname="com.sgtesting.testngscenario.CreateCustomer" name="closeApp" time="0.434"/>
  <system-out/>
</testsuite> <!-- com.sgtesting.testngscenario.CreateCustomer -->
