<?xml version="1.0" encoding="UTF-8"?>
<!-- Generated by org.testng.reporters.JUnitReportReporter -->
<testsuite hostname="DESKTOP-2G1ARNP" failures="0" tests="9" name="com.sgtesting.testngscenario.ModifyUserScenario" time="56.285" errors="0" timestamp="2022-11-10T23:52:56 GMT-08:00" skipped="0">
  <testcase classname="com.sgtesting.testngscenario.ModifyUserScenario" name="launchBrowser" time="4.884"/>
  <system-out/>
  <testcase classname="com.sgtesting.testngscenario.ModifyUserScenario" name="navigate" time="10.395"/>
  <system-out/>
  <testcase classname="com.sgtesting.testngscenario.ModifyUserScenario" name="login" time="5.334"/>
  <system-out/>
  <testcase classname="com.sgtesting.testngscenario.ModifyUserScenario" name="minimizeFlyOutwindow" time="0.413"/>
  <system-out/>
  <testcase classname="com.sgtesting.testngscenario.ModifyUserScenario" name="createUser" time="18.211"/>
  <system-out/>
  <testcase classname="com.sgtesting.testngscenario.ModifyUserScenario" name="modifyUser" time="7.566"/>
  <system-out/>
  <testcase classname="com.sgtesting.testngscenario.ModifyUserScenario" name="deleteUser" time="6.621"/>
  <system-out/>
  <testcase classname="com.sgtesting.testngscenario.ModifyUserScenario" name="logout" time="2.408"/>
  <system-out/>
  <testcase classname="com.sgtesting.testngscenario.ModifyUserScenario" name="closeApp" time="0.453"/>
  <system-out/>
</testsuite> <!-- com.sgtesting.testngscenario.ModifyUserScenario -->
