<?xml version="1.0" encoding="UTF-8"?>
<!-- Generated by org.testng.reporters.JUnitReportReporter -->
<testsuite hostname="DESKTOP-2G1ARNP" failures="0" tests="9" name="com.sgtesting.testngscenario.CustomerModify" time="45.909" errors="0" timestamp="2022-11-11T20:44:01 GMT-08:00" skipped="0">
  <testcase classname="com.sgtesting.testngscenario.CustomerModify" name="launchBrowser" time="3.430"/>
  <system-out/>
  <testcase classname="com.sgtesting.testngscenario.CustomerModify" name="navigate" time="11.633"/>
  <system-out/>
  <testcase classname="com.sgtesting.testngscenario.CustomerModify" name="login" time="5.892"/>
  <system-out/>
  <testcase classname="com.sgtesting.testngscenario.CustomerModify" name="minimizeFlyOutwindow" time="4.106"/>
  <system-out/>
  <testcase classname="com.sgtesting.testngscenario.CustomerModify" name="createCustomer" time="6.420"/>
  <system-out/>
  <testcase classname="com.sgtesting.testngscenario.CustomerModify" name="modifyCustomer" time="2.125"/>
  <system-out/>
  <testcase classname="com.sgtesting.testngscenario.CustomerModify" name="deleteCustomer" time="6.409"/>
  <system-out/>
  <testcase classname="com.sgtesting.testngscenario.CustomerModify" name="logout" time="5.550"/>
  <system-out/>
  <testcase classname="com.sgtesting.testngscenario.CustomerModify" name="closeApp" time="0.344"/>
  <system-out/>
</testsuite> <!-- com.sgtesting.testngscenario.CustomerModify -->
